23:11:16.114 [main] INFO  ru.andmosc.transferMoney.TransferMoneyApplicationTests - Starting TransferMoneyApplicationTests using Java 17.0.5 on DESKTOP-96RPMEQ with PID 6784 (started by and in D:\dev\Maven\netology\16_Курсовой проект(перевод денег)\TransferMoney)
23:11:16.131 [main] INFO  ru.andmosc.transferMoney.TransferMoneyApplicationTests - No active profile set, falling back to 1 default profile: "default"
23:11:18.361 [main] INFO  org.apache.catalina.core.StandardService - Starting service [Tomcat]
23:11:18.362 [main] INFO  org.apache.catalina.core.StandardEngine - Starting Servlet engine: [Apache Tomcat/9.0.71]
23:11:18.585 [main] INFO  org.apache.catalina.core.ContainerBase.[Tomcat].[localhost].[/] - Initializing Spring embedded WebApplicationContext
23:11:19.577 [main] INFO  ru.andmosc.transferMoney.TransferMoneyApplicationTests - Started TransferMoneyApplicationTests in 4.35 seconds (JVM running for 12.289)
23:18:39.059 [main] INFO  ru.andmosc.transferMoney.TransferMoneyApplicationTests - Starting TransferMoneyApplicationTests using Java 17.0.5 on DESKTOP-96RPMEQ with PID 316 (started by and in D:\dev\Maven\netology\16_Курсовой проект(перевод денег)\TransferMoney)
23:18:39.068 [main] INFO  ru.andmosc.transferMoney.TransferMoneyApplicationTests - No active profile set, falling back to 1 default profile: "default"
23:18:40.072 [main] INFO  org.apache.catalina.core.StandardService - Starting service [Tomcat]
23:18:40.073 [main] INFO  org.apache.catalina.core.StandardEngine - Starting Servlet engine: [Apache Tomcat/9.0.71]
23:18:40.193 [main] INFO  org.apache.catalina.core.ContainerBase.[Tomcat].[localhost].[/] - Initializing Spring embedded WebApplicationContext
23:18:40.766 [main] INFO  ru.andmosc.transferMoney.TransferMoneyApplicationTests - Started TransferMoneyApplicationTests in 2.052 seconds (JVM running for 9.337)
23:31:09.796 [main] INFO  ru.andmosc.transferMoney.TransferMoneyApplication - Starting TransferMoneyApplication using Java 17.0.5 on DESKTOP-96RPMEQ with PID 3508 (D:\dev\Maven\netology\16_Курсовой проект(перевод денег)\TransferMoney\target\classes started by and in D:\dev\Maven\netology\16_Курсовой проект(перевод денег)\TransferMoney)
23:31:09.804 [main] INFO  ru.andmosc.transferMoney.TransferMoneyApplication - No active profile set, falling back to 1 default profile: "default"
23:31:10.563 [main] INFO  org.apache.catalina.core.StandardService - Starting service [Tomcat]
23:31:10.564 [main] INFO  org.apache.catalina.core.StandardEngine - Starting Servlet engine: [Apache Tomcat/9.0.71]
23:31:10.669 [main] INFO  org.apache.catalina.core.ContainerBase.[Tomcat].[localhost].[/] - Initializing Spring embedded WebApplicationContext
23:31:11.002 [main] INFO  ru.andmosc.transferMoney.TransferMoneyApplication - Started TransferMoneyApplication in 1.593 seconds (JVM running for 2.398)
23:31:37.176 [http-nio-5500-exec-1] INFO  org.apache.catalina.core.ContainerBase.[Tomcat].[localhost].[/] - Initializing Spring DispatcherServlet 'dispatcherServlet'
23:31:37.265 [http-nio-5500-exec-1] INFO  ru.andmosc.transferMoney.controllers.TransferController - POST: /transfer -> cardFromNumber: 1111111111111111, cardToNumber: 2222222222222222
23:31:37.266 [http-nio-5500-exec-1] INFO  ru.andmosc.transferMoney.services.TransferServicesImpl - Верификаия карты пройдена, id операции: 1
23:31:37.296 [http-nio-5500-exec-2] INFO  ru.andmosc.transferMoney.controllers.TransferController - POST: /confirmOperation
23:31:37.296 [http-nio-5500-exec-2] INFO  ru.andmosc.transferMoney.services.TransferServicesImpl - Списание с карты: 1111111111111111, Карта зачисления: 2222222222222222, Сумма: 1000 1000, id операции: 1
23:31:50.554 [http-nio-5500-exec-3] INFO  ru.andmosc.transferMoney.controllers.TransferController - POST: /transfer -> cardFromNumber: 1111111111111111, cardToNumber: 2222222222222222
23:31:50.559 [http-nio-5500-exec-3] ERROR ru.andmosc.transferMoney.services.TransferServicesImpl - CVV указан не верно: 112
23:31:56.502 [http-nio-5500-exec-4] INFO  ru.andmosc.transferMoney.controllers.TransferController - POST: /transfer -> cardFromNumber: 1111111111111111, cardToNumber: 2222222222222222
23:31:56.503 [http-nio-5500-exec-4] INFO  ru.andmosc.transferMoney.services.TransferServicesImpl - Верификаия карты пройдена, id операции: 2
23:31:56.511 [http-nio-5500-exec-5] INFO  ru.andmosc.transferMoney.controllers.TransferController - POST: /confirmOperation
23:31:56.511 [http-nio-5500-exec-5] INFO  ru.andmosc.transferMoney.services.TransferServicesImpl - Списание с карты: 1111111111111111, Карта зачисления: 2222222222222222, Сумма: 1000 1000, id операции: 2
23:32:09.042 [http-nio-5500-exec-6] INFO  ru.andmosc.transferMoney.controllers.TransferController - POST: /transfer -> cardFromNumber: 3333333333333333, cardToNumber: 1111111111111111
23:32:09.047 [http-nio-5500-exec-6] ERROR ru.andmosc.transferMoney.services.TransferServicesImpl - Ошибка ввода номера карты: 3333333333333333
23:32:12.030 [http-nio-5500-exec-7] INFO  ru.andmosc.transferMoney.controllers.TransferController - POST: /transfer -> cardFromNumber: 3333333333333333, cardToNumber: 1111111111111111
23:32:12.030 [http-nio-5500-exec-7] ERROR ru.andmosc.transferMoney.services.TransferServicesImpl - Ошибка ввода номера карты: 3333333333333333
23:32:15.860 [http-nio-5500-exec-8] INFO  ru.andmosc.transferMoney.controllers.TransferController - POST: /transfer -> cardFromNumber: 1111111111111111, cardToNumber: 1111111111111111
23:32:15.860 [http-nio-5500-exec-8] INFO  ru.andmosc.transferMoney.services.TransferServicesImpl - Верификаия карты пройдена, id операции: 3
23:32:15.868 [http-nio-5500-exec-9] INFO  ru.andmosc.transferMoney.controllers.TransferController - POST: /confirmOperation
23:32:15.868 [http-nio-5500-exec-9] INFO  ru.andmosc.transferMoney.services.TransferServicesImpl - Списание с карты: 1111111111111111, Карта зачисления: 1111111111111111, Сумма: 1000 1000, id операции: 3
23:32:52.053 [main] INFO  ru.andmosc.transferMoney.TransferMoneyApplication - Starting TransferMoneyApplication using Java 17.0.5 on DESKTOP-96RPMEQ with PID 13372 (D:\dev\Maven\netology\16_Курсовой проект(перевод денег)\TransferMoney\target\classes started by and in D:\dev\Maven\netology\16_Курсовой проект(перевод денег)\TransferMoney)
23:32:52.061 [main] INFO  ru.andmosc.transferMoney.TransferMoneyApplication - No active profile set, falling back to 1 default profile: "default"
23:32:52.801 [main] INFO  org.apache.catalina.core.StandardService - Starting service [Tomcat]
23:32:52.802 [main] INFO  org.apache.catalina.core.StandardEngine - Starting Servlet engine: [Apache Tomcat/9.0.71]
23:32:52.882 [main] INFO  org.apache.catalina.core.ContainerBase.[Tomcat].[localhost].[/] - Initializing Spring embedded WebApplicationContext
23:32:53.631 [main] INFO  ru.andmosc.transferMoney.TransferMoneyApplication - Started TransferMoneyApplication in 2.014 seconds (JVM running for 2.802)
23:33:11.414 [http-nio-5500-exec-1] INFO  org.apache.catalina.core.ContainerBase.[Tomcat].[localhost].[/] - Initializing Spring DispatcherServlet 'dispatcherServlet'
23:33:11.591 [http-nio-5500-exec-1] INFO  ru.andmosc.transferMoney.controllers.TransferController - POST: /transfer -> cardFromNumber: 1111111111111111, cardToNumber: 1111111111111111
23:33:11.592 [http-nio-5500-exec-1] ERROR ru.andmosc.transferMoney.services.TransferServicesImpl - Ошибка ввода даты карты: 10/24
23:33:22.000 [http-nio-5500-exec-2] INFO  ru.andmosc.transferMoney.controllers.TransferController - POST: /transfer -> cardFromNumber: 1111111111111111, cardToNumber: 1111111111111111
23:33:22.000 [http-nio-5500-exec-2] INFO  ru.andmosc.transferMoney.services.TransferServicesImpl - Верификаия карты пройдена, id операции: 4
23:33:38.560 [http-nio-5500-exec-3] INFO  ru.andmosc.transferMoney.controllers.TransferController - POST: /confirmOperation
23:33:38.561 [http-nio-5500-exec-3] INFO  ru.andmosc.transferMoney.services.TransferServicesImpl - Списание с карты: 1111111111111111, Карта зачисления: 1111111111111111, Сумма: 1000 1000, id операции: 4
23:34:43.701 [main] INFO  ru.andmosc.transferMoney.TransferMoneyApplicationTests - Starting TransferMoneyApplicationTests using Java 17.0.5 on DESKTOP-96RPMEQ with PID 21520 (started by and in D:\dev\Maven\netology\16_Курсовой проект(перевод денег)\TransferMoney)
23:34:43.711 [main] INFO  ru.andmosc.transferMoney.TransferMoneyApplicationTests - No active profile set, falling back to 1 default profile: "default"
23:34:44.714 [main] INFO  org.apache.catalina.core.StandardService - Starting service [Tomcat]
23:34:44.714 [main] INFO  org.apache.catalina.core.StandardEngine - Starting Servlet engine: [Apache Tomcat/9.0.71]
23:34:44.826 [main] INFO  org.apache.catalina.core.ContainerBase.[Tomcat].[localhost].[/] - Initializing Spring embedded WebApplicationContext
23:34:45.447 [main] INFO  ru.andmosc.transferMoney.TransferMoneyApplicationTests - Started TransferMoneyApplicationTests in 2.129 seconds (JVM running for 9.321)
23:35:20.616 [main] INFO  ru.andmosc.transferMoney.TransferMoneyApplicationTests - Starting TransferMoneyApplicationTests using Java 17.0.5 on DESKTOP-96RPMEQ with PID 6420 (started by and in D:\dev\Maven\netology\16_Курсовой проект(перевод денег)\TransferMoney)
23:35:20.626 [main] INFO  ru.andmosc.transferMoney.TransferMoneyApplicationTests - No active profile set, falling back to 1 default profile: "default"
23:35:21.609 [main] INFO  org.apache.catalina.core.StandardService - Starting service [Tomcat]
23:35:21.610 [main] INFO  org.apache.catalina.core.StandardEngine - Starting Servlet engine: [Apache Tomcat/9.0.71]
23:35:21.724 [main] INFO  org.apache.catalina.core.ContainerBase.[Tomcat].[localhost].[/] - Initializing Spring embedded WebApplicationContext
23:35:22.320 [main] INFO  ru.andmosc.transferMoney.TransferMoneyApplicationTests - Started TransferMoneyApplicationTests in 2.034 seconds (JVM running for 9.255)
23:36:24.199 [main] INFO  ru.andmosc.transferMoney.TransferMoneyApplicationTests - Starting TransferMoneyApplicationTests using Java 17.0.5 on DESKTOP-96RPMEQ with PID 14876 (started by and in D:\dev\Maven\netology\16_Курсовой проект(перевод денег)\TransferMoney)
23:36:24.210 [main] INFO  ru.andmosc.transferMoney.TransferMoneyApplicationTests - No active profile set, falling back to 1 default profile: "default"
23:36:25.205 [main] INFO  org.apache.catalina.core.StandardService - Starting service [Tomcat]
23:36:25.206 [main] INFO  org.apache.catalina.core.StandardEngine - Starting Servlet engine: [Apache Tomcat/9.0.71]
23:36:25.335 [main] INFO  org.apache.catalina.core.ContainerBase.[Tomcat].[localhost].[/] - Initializing Spring embedded WebApplicationContext
23:36:25.966 [main] INFO  ru.andmosc.transferMoney.TransferMoneyApplicationTests - Started TransferMoneyApplicationTests in 2.158 seconds (JVM running for 9.59)
23:37:03.083 [main] INFO  ru.andmosc.transferMoney.TransferMoneyApplicationTests - Starting TransferMoneyApplicationTests using Java 17.0.5 on DESKTOP-96RPMEQ with PID 14524 (started by and in D:\dev\Maven\netology\16_Курсовой проект(перевод денег)\TransferMoney)
23:37:03.092 [main] INFO  ru.andmosc.transferMoney.TransferMoneyApplicationTests - No active profile set, falling back to 1 default profile: "default"
23:37:04.136 [main] INFO  org.apache.catalina.core.StandardService - Starting service [Tomcat]
23:37:04.137 [main] INFO  org.apache.catalina.core.StandardEngine - Starting Servlet engine: [Apache Tomcat/9.0.71]
23:37:04.256 [main] INFO  org.apache.catalina.core.ContainerBase.[Tomcat].[localhost].[/] - Initializing Spring embedded WebApplicationContext
23:37:04.843 [main] INFO  ru.andmosc.transferMoney.TransferMoneyApplicationTests - Started TransferMoneyApplicationTests in 2.116 seconds (JVM running for 9.818)
23:37:45.819 [main] INFO  ru.andmosc.transferMoney.TransferMoneyApplicationTests - Starting TransferMoneyApplicationTests using Java 17.0.5 on DESKTOP-96RPMEQ with PID 4528 (started by and in D:\dev\Maven\netology\16_Курсовой проект(перевод денег)\TransferMoney)
23:37:45.829 [main] INFO  ru.andmosc.transferMoney.TransferMoneyApplicationTests - No active profile set, falling back to 1 default profile: "default"
23:37:46.821 [main] INFO  org.apache.catalina.core.StandardService - Starting service [Tomcat]
23:37:46.822 [main] INFO  org.apache.catalina.core.StandardEngine - Starting Servlet engine: [Apache Tomcat/9.0.71]
23:37:46.938 [main] INFO  org.apache.catalina.core.ContainerBase.[Tomcat].[localhost].[/] - Initializing Spring embedded WebApplicationContext
23:37:47.538 [main] INFO  ru.andmosc.transferMoney.TransferMoneyApplicationTests - Started TransferMoneyApplicationTests in 2.104 seconds (JVM running for 9.736)
00:17:32.108 [main] INFO  ru.andmosc.transferMoney.TransferMoneyApplicationTests - Starting TransferMoneyApplicationTests using Java 17.0.5 on DESKTOP-96RPMEQ with PID 19780 (started by and in D:\dev\Maven\netology\16_Курсовой проект(перевод денег)\TransferMoney)
00:17:32.122 [main] INFO  ru.andmosc.transferMoney.TransferMoneyApplicationTests - No active profile set, falling back to 1 default profile: "default"
00:17:34.153 [main] INFO  org.apache.catalina.core.StandardService - Starting service [Tomcat]
00:17:34.157 [main] INFO  org.apache.catalina.core.StandardEngine - Starting Servlet engine: [Apache Tomcat/9.0.71]
00:17:34.582 [main] INFO  org.apache.catalina.core.ContainerBase.[Tomcat].[localhost].[/] - Initializing Spring embedded WebApplicationContext
00:17:35.889 [main] INFO  ru.andmosc.transferMoney.TransferMoneyApplicationTests - Started TransferMoneyApplicationTests in 4.245 seconds (JVM running for 21.177)
00:23:42.429 [main] INFO  ru.andmosc.transferMoney.TransferMoneyApplicationTests - Starting TransferMoneyApplicationTests using Java 17.0.5 on DESKTOP-96RPMEQ with PID 16736 (started by and in D:\dev\Maven\netology\16_Курсовой проект(перевод денег)\TransferMoney)
00:23:42.455 [main] INFO  ru.andmosc.transferMoney.TransferMoneyApplicationTests - No active profile set, falling back to 1 default profile: "default"
00:23:44.157 [main] INFO  org.apache.catalina.core.StandardService - Starting service [Tomcat]
00:23:44.157 [main] INFO  org.apache.catalina.core.StandardEngine - Starting Servlet engine: [Apache Tomcat/9.0.71]
00:23:44.337 [main] INFO  org.apache.catalina.core.ContainerBase.[Tomcat].[localhost].[/] - Initializing Spring embedded WebApplicationContext
00:23:45.378 [main] INFO  ru.andmosc.transferMoney.TransferMoneyApplicationTests - Started TransferMoneyApplicationTests in 3.755 seconds (JVM running for 19.131)
00:26:13.365 [main] INFO  ru.andmosc.transferMoney.TransferMoneyApplicationTests - Starting TransferMoneyApplicationTests using Java 17.0.5 on DESKTOP-96RPMEQ with PID 3772 (started by and in D:\dev\Maven\netology\16_Курсовой проект(перевод денег)\TransferMoney)
00:26:13.385 [main] INFO  ru.andmosc.transferMoney.TransferMoneyApplicationTests - No active profile set, falling back to 1 default profile: "default"
00:26:15.250 [main] INFO  org.apache.catalina.core.StandardService - Starting service [Tomcat]
00:26:15.251 [main] INFO  org.apache.catalina.core.StandardEngine - Starting Servlet engine: [Apache Tomcat/9.0.71]
00:26:15.469 [main] INFO  org.apache.catalina.core.ContainerBase.[Tomcat].[localhost].[/] - Initializing Spring embedded WebApplicationContext
00:26:16.510 [main] INFO  ru.andmosc.transferMoney.TransferMoneyApplicationTests - Started TransferMoneyApplicationTests in 3.918 seconds (JVM running for 18.835)
00:32:02.323 [main] INFO  ru.andmosc.transferMoney.TransferMoneyApplicationTests - Starting TransferMoneyApplicationTests using Java 17.0.5 on DESKTOP-96RPMEQ with PID 22124 (started by and in D:\dev\Maven\netology\16_Курсовой проект(перевод денег)\TransferMoney)
00:32:02.344 [main] INFO  ru.andmosc.transferMoney.TransferMoneyApplicationTests - No active profile set, falling back to 1 default profile: "default"
00:32:04.097 [main] INFO  org.apache.catalina.core.StandardService - Starting service [Tomcat]
00:32:04.097 [main] INFO  org.apache.catalina.core.StandardEngine - Starting Servlet engine: [Apache Tomcat/9.0.71]
00:32:04.280 [main] INFO  org.apache.catalina.core.ContainerBase.[Tomcat].[localhost].[/] - Initializing Spring embedded WebApplicationContext
00:32:05.283 [main] INFO  ru.andmosc.transferMoney.TransferMoneyApplicationTests - Started TransferMoneyApplicationTests in 3.648 seconds (JVM running for 21.063)
00:33:46.988 [main] INFO  ru.andmosc.transferMoney.TransferMoneyApplicationTests - Starting TransferMoneyApplicationTests using Java 17.0.5 on DESKTOP-96RPMEQ with PID 24076 (started by and in D:\dev\Maven\netology\16_Курсовой проект(перевод денег)\TransferMoney)
00:33:47.000 [main] INFO  ru.andmosc.transferMoney.TransferMoneyApplicationTests - No active profile set, falling back to 1 default profile: "default"
00:33:48.143 [main] INFO  org.apache.catalina.core.StandardService - Starting service [Tomcat]
00:33:48.143 [main] INFO  org.apache.catalina.core.StandardEngine - Starting Servlet engine: [Apache Tomcat/9.0.71]
00:33:48.274 [main] INFO  org.apache.catalina.core.ContainerBase.[Tomcat].[localhost].[/] - Initializing Spring embedded WebApplicationContext
00:33:49.026 [main] INFO  ru.andmosc.transferMoney.TransferMoneyApplicationTests - Started TransferMoneyApplicationTests in 2.458 seconds (JVM running for 17.094)
00:34:28.905 [main] INFO  ru.andmosc.transferMoney.TransferMoneyApplicationTests - Starting TransferMoneyApplicationTests using Java 17.0.5 on DESKTOP-96RPMEQ with PID 11812 (started by and in D:\dev\Maven\netology\16_Курсовой проект(перевод денег)\TransferMoney)
00:34:28.933 [main] INFO  ru.andmosc.transferMoney.TransferMoneyApplicationTests - No active profile set, falling back to 1 default profile: "default"
00:34:30.094 [main] INFO  org.apache.catalina.core.StandardService - Starting service [Tomcat]
00:34:30.094 [main] INFO  org.apache.catalina.core.StandardEngine - Starting Servlet engine: [Apache Tomcat/9.0.71]
00:34:30.249 [main] INFO  org.apache.catalina.core.ContainerBase.[Tomcat].[localhost].[/] - Initializing Spring embedded WebApplicationContext
00:34:30.924 [main] INFO  ru.andmosc.transferMoney.TransferMoneyApplicationTests - Started TransferMoneyApplicationTests in 2.483 seconds (JVM running for 17.84)
00:35:23.455 [main] INFO  ru.andmosc.transferMoney.TransferMoneyApplicationTests - Starting TransferMoneyApplicationTests using Java 17.0.5 on DESKTOP-96RPMEQ with PID 3632 (started by and in D:\dev\Maven\netology\16_Курсовой проект(перевод денег)\TransferMoney)
00:35:23.465 [main] INFO  ru.andmosc.transferMoney.TransferMoneyApplicationTests - No active profile set, falling back to 1 default profile: "default"
00:35:24.637 [main] INFO  org.apache.catalina.core.StandardService - Starting service [Tomcat]
00:35:24.637 [main] INFO  org.apache.catalina.core.StandardEngine - Starting Servlet engine: [Apache Tomcat/9.0.71]
00:35:24.777 [main] INFO  org.apache.catalina.core.ContainerBase.[Tomcat].[localhost].[/] - Initializing Spring embedded WebApplicationContext
00:35:25.500 [main] INFO  ru.andmosc.transferMoney.TransferMoneyApplicationTests - Started TransferMoneyApplicationTests in 2.461 seconds (JVM running for 17.839)
00:40:08.362 [main] INFO  ru.andmosc.transferMoney.TransferMoneyApplicationTests - Starting TransferMoneyApplicationTests using Java 17.0.5 on DESKTOP-96RPMEQ with PID 21664 (started by and in D:\dev\Maven\netology\16_Курсовой проект(перевод денег)\TransferMoney)
00:40:08.382 [main] INFO  ru.andmosc.transferMoney.TransferMoneyApplicationTests - No active profile set, falling back to 1 default profile: "default"
00:40:10.350 [main] INFO  org.apache.catalina.core.StandardService - Starting service [Tomcat]
00:40:10.350 [main] INFO  org.apache.catalina.core.StandardEngine - Starting Servlet engine: [Apache Tomcat/9.0.71]
00:40:10.576 [main] INFO  org.apache.catalina.core.ContainerBase.[Tomcat].[localhost].[/] - Initializing Spring embedded WebApplicationContext
00:40:11.620 [main] INFO  ru.andmosc.transferMoney.TransferMoneyApplicationTests - Started TransferMoneyApplicationTests in 3.958 seconds (JVM running for 22.777)
00:46:04.692 [main] INFO  ru.andmosc.transferMoney.TransferMoneyApplicationTests - Starting TransferMoneyApplicationTests using Java 17.0.5 on DESKTOP-96RPMEQ with PID 11632 (started by and in D:\dev\Maven\netology\16_Курсовой проект(перевод денег)\TransferMoney)
00:46:04.717 [main] INFO  ru.andmosc.transferMoney.TransferMoneyApplicationTests - No active profile set, falling back to 1 default profile: "default"
00:46:06.622 [main] INFO  org.apache.catalina.core.StandardService - Starting service [Tomcat]
00:46:06.622 [main] INFO  org.apache.catalina.core.StandardEngine - Starting Servlet engine: [Apache Tomcat/9.0.71]
00:46:06.833 [main] INFO  org.apache.catalina.core.ContainerBase.[Tomcat].[localhost].[/] - Initializing Spring embedded WebApplicationContext
00:46:07.950 [main] INFO  ru.andmosc.transferMoney.TransferMoneyApplicationTests - Started TransferMoneyApplicationTests in 4.021 seconds (JVM running for 28.427)
00:47:59.173 [main] INFO  ru.andmosc.transferMoney.TransferMoneyApplicationTests - Starting TransferMoneyApplicationTests using Java 17.0.5 on DESKTOP-96RPMEQ with PID 11612 (started by and in D:\dev\Maven\netology\16_Курсовой проект(перевод денег)\TransferMoney)
00:47:59.183 [main] INFO  ru.andmosc.transferMoney.TransferMoneyApplicationTests - No active profile set, falling back to 1 default profile: "default"
00:48:00.277 [main] INFO  org.apache.catalina.core.StandardService - Starting service [Tomcat]
00:48:00.278 [main] INFO  org.apache.catalina.core.StandardEngine - Starting Servlet engine: [Apache Tomcat/9.0.71]
00:48:00.425 [main] INFO  org.apache.catalina.core.ContainerBase.[Tomcat].[localhost].[/] - Initializing Spring embedded WebApplicationContext
00:48:01.081 [main] INFO  ru.andmosc.transferMoney.TransferMoneyApplicationTests - Started TransferMoneyApplicationTests in 2.431 seconds (JVM running for 24.446)
00:48:38.129 [main] INFO  ru.andmosc.transferMoney.TransferMoneyApplicationTests - Starting TransferMoneyApplicationTests using Java 17.0.5 on DESKTOP-96RPMEQ with PID 6328 (started by and in D:\dev\Maven\netology\16_Курсовой проект(перевод денег)\TransferMoney)
00:48:38.142 [main] INFO  ru.andmosc.transferMoney.TransferMoneyApplicationTests - No active profile set, falling back to 1 default profile: "default"
00:48:39.384 [main] INFO  org.apache.catalina.core.StandardService - Starting service [Tomcat]
00:48:39.385 [main] INFO  org.apache.catalina.core.StandardEngine - Starting Servlet engine: [Apache Tomcat/9.0.71]
00:48:39.515 [main] INFO  org.apache.catalina.core.ContainerBase.[Tomcat].[localhost].[/] - Initializing Spring embedded WebApplicationContext
00:48:40.169 [main] INFO  ru.andmosc.transferMoney.TransferMoneyApplicationTests - Started TransferMoneyApplicationTests in 2.483 seconds (JVM running for 28.042)
